0 verbose cli /Users/ribasrodrigo91/.nvm/versions/node/v22.19.0/bin/node /Users/ribasrodrigo91/.nvm/versions/node/v22.19.0/lib/node_modules/npm/bin/npm-cli.js
1 info using npm@10.9.3
2 info using node@v22.19.0
3 silly config load:file:/Users/ribasrodrigo91/.nvm/versions/node/v22.19.0/lib/node_modules/npm/npmrc
4 silly config load:file:/Users/ribasrodrigo91/Documents/GitHub/01_ADVENTURE_LABS/tools/dino/.npmrc
5 silly config load:file:/Users/ribasrodrigo91/.npmrc
6 silly config load:file:/Users/ribasrodrigo91/.nvm/versions/node/v22.19.0/etc/npmrc
7 verbose title npm exec tsc --noEmit
8 verbose argv "exec" "--" "tsc" "--noEmit"
9 verbose logfile logs-max:10 dir:/Users/ribasrodrigo91/Documents/GitHub/01_ADVENTURE_LABS/tools/dino/.npm-cache/_logs/2026-03-19T01_36_54_027Z-
10 verbose logfile /Users/ribasrodrigo91/Documents/GitHub/01_ADVENTURE_LABS/tools/dino/.npm-cache/_logs/2026-03-19T01_36_54_027Z-debug-0.log
11 silly logfile done cleaning log files
12 silly packumentCache heap:4345298944 maxSize:1086324736 maxEntrySize:543162368
13 http fetch GET 200 https://registry.npmjs.org/tsc 294ms (cache miss)
14 silly packumentCache heap:4345298944 maxSize:1086324736 maxEntrySize:543162368
15 silly packumentCache heap:4345298944 maxSize:1086324736 maxEntrySize:543162368
16 warn exec The following package was not found and will be installed: tsc@2.0.4
17 silly idealTree buildDeps
18 silly fetch manifest tsc@2.0.4
19 silly packumentCache full:https://registry.npmjs.org/tsc cache-miss
20 http fetch GET 200 https://registry.npmjs.org/tsc 225ms (cache miss)
21 silly packumentCache full:https://registry.npmjs.org/tsc set size:undefined disposed:false
22 silly placeDep ROOT tsc@2.0.4 OK for:  want: 2.0.4
23 silly reify moves {}
24 silly audit bulk request { tsc: [ '2.0.4' ] }
25 http cache tsc@https://registry.npmjs.org/tsc/-/tsc-2.0.4.tgz 0ms (cache hit)
26 silly tarball no local data for tsc@https://registry.npmjs.org/tsc/-/tsc-2.0.4.tgz. Extracting by manifest.
27 http fetch GET 200 https://registry.npmjs.org/tsc/-/tsc-2.0.4.tgz 65ms (cache miss)
28 http fetch POST 200 https://registry.npmjs.org/-/npm/v1/security/advisories/bulk 269ms
29 silly audit report {}
30 verbose cwd /Users/ribasrodrigo91/Documents/GitHub/01_ADVENTURE_LABS/tools/dino
31 verbose os Darwin 24.6.0
32 verbose node v22.19.0
33 verbose npm  v10.9.3
34 verbose exit 1
35 verbose code 1
